
> asteroides@1.0.0 web
> expo start --web

Starting project at /app
Using src/app as the root directory for Expo Router.
Starting Metro Bundler

Waiting on http://localhost:8081
Logs for your project will appear below.
Web node_modules/expo-router/entry.js ░░░░░░░░░░░░░░░░  0.0% (0/1)
Web node_modules/expo-router/entry.js ▓▓▓▓▓▓▓▓▓▓▓▓▓▓▓░ 94.3% (1366/1407)
λ node_modules/expo/node_modules/@expo/cli/node_modules/@expo/router-server/node/render.js ▓▓▓▓▓▓▓▓▓▓▓▓▓▓░░ 93.4% (1320/1366)
λ Bundled 3962ms node_modules/expo/node_modules/@expo/cli/node_modules/@expo/router-server/node/render.js (1476 modules)
Web Bundled 4184ms node_modules/expo-router/entry.js (1493 modules)
λ  WARN  Route "./GameEngine.tsx" is missing the required default export. Ensure a React component is exported as default.
"textShadow*" style props are deprecated. Use "textShadow".
"shadow*" style props are deprecated. Use "boxShadow".
Web node_modules/expo-router/entry.js ▓▓░░░░░░░░░░░░░░ 16.0% ( 8/20)
Web node_modules/expo-router/entry.js ▓▓▓▓▓▓▓░░░░░░░░░ 48.3% (374/538)
Web node_modules/expo-router/entry.js ▓▓▓▓▓▓▓▓▓▓░░░░░░ 63.1% (685/862)
Web node_modules/expo-router/entry.js ▓▓▓▓▓▓▓▓▓▓▓░░░░░ 72.3% (1083/1274)
Web Bundled 14282ms node_modules/expo-router/entry.js (1494 modules)
Web node_modules/expo-router/entry.js ▓▓▓▓▓▓▓▓▓▓▓▓▓▓▓░ 99.9% (1494/1494)
 LOG  [web] Logs will appear in the browser console
Web node_modules/expo-router/entry.js ░░░░░░░░░░░░░░░░  0.0% (0/1)
λ Bundled 49ms node_modules/expo/node_modules/@expo/cli/node_modules/@expo/router-server/node/render.js (1 module)
λ  WARN  Route "./GameEngine.tsx" is missing the required default export. Ensure a React component is exported as default.
"textShadow*" style props are deprecated. Use "textShadow".
"shadow*" style props are deprecated. Use "boxShadow".
Web Bundled 475ms node_modules/expo-router/entry.js (1 module)
Web Bundled 108ms node_modules/expo-router/entry.js (1 module)
 LOG  [web] Logs will appear in the browser console
Web node_modules/expo-router/entry.js ░░░░░░░░░░░░░░░░  0.0% (0/1)
λ Bundled 318ms node_modules/expo/node_modules/@expo/cli/node_modules/@expo/router-server/node/render.js (1 module)
λ  WARN  Route "./GameEngine.tsx" is missing the required default export. Ensure a React component is exported as default.
"textShadow*" style props are deprecated. Use "textShadow".
"shadow*" style props are deprecated. Use "boxShadow".
Web Bundled 1209ms node_modules/expo-router/entry.js (1 module)
Web Bundled 227ms node_modules/expo-router/entry.js (1 module)
 LOG  [web] Logs will appear in the browser console
Web node_modules/expo-router/entry.js ░░░░░░░░░░░░░░░░  0.0% (0/1)
λ Bundled 420ms node_modules/expo/node_modules/@expo/cli/node_modules/@expo/router-server/node/render.js (1 module)
λ  WARN  Route "./GameEngine.tsx" is missing the required default export. Ensure a React component is exported as default.
"textShadow*" style props are deprecated. Use "textShadow".
"shadow*" style props are deprecated. Use "boxShadow".
Web Bundled 1600ms node_modules/expo-router/entry.js (1 module)
Web Bundled 184ms node_modules/expo-router/entry.js (1 module)
 LOG  [web] Logs will appear in the browser console
Web node_modules/expo-router/entry.js ░░░░░░░░░░░░░░░░  0.0% (0/1)
λ Bundled 341ms node_modules/expo/node_modules/@expo/cli/node_modules/@expo/router-server/node/render.js (1 module)
λ  WARN  Route "./GameEngine.tsx" is missing the required default export. Ensure a React component is exported as default.
"textShadow*" style props are deprecated. Use "textShadow".
"shadow*" style props are deprecated. Use "boxShadow".
Web Bundled 1174ms node_modules/expo-router/entry.js (1 module)
Web Bundled 335ms node_modules/expo-router/entry.js (1 module)
 LOG  [web] Logs will appear in the browser console
Web node_modules/expo-router/entry.js ░░░░░░░░░░░░░░░░  0.0% (0/1)
λ Bundled 80ms node_modules/expo/node_modules/@expo/cli/node_modules/@expo/router-server/node/render.js (1 module)
λ  WARN  Route "./GameEngine.tsx" is missing the required default export. Ensure a React component is exported as default.
"textShadow*" style props are deprecated. Use "textShadow".
"shadow*" style props are deprecated. Use "boxShadow".
Web Bundled 552ms node_modules/expo-router/entry.js (1 module)
Web Bundled 92ms node_modules/expo-router/entry.js (1 module)
 LOG  [web] Logs will appear in the browser console
Web node_modules/expo-router/entry.js ░░░░░░░░░░░░░░░░  0.0% (0/1)
λ Bundled 260ms node_modules/expo/node_modules/@expo/cli/node_modules/@expo/router-server/node/render.js (1 module)
λ  WARN  Route "./GameEngine.tsx" is missing the required default export. Ensure a React component is exported as default.
"textShadow*" style props are deprecated. Use "textShadow".
"shadow*" style props are deprecated. Use "boxShadow".
Web Bundled 1013ms node_modules/expo-router/entry.js (1 module)
Web Bundled 296ms node_modules/expo-router/entry.js (1 module)
 LOG  [web] Logs will appear in the browser console
Web node_modules/expo-router/entry.js ░░░░░░░░░░░░░░░░  0.0% (0/1)
λ Bundling failed 275ms node_modules/expo/node_modules/@expo/cli/node_modules/@expo/router-server/node/render.js (1 module)

Metro error: Unable to resolve module @shopify/react-native-skia/lib/module/Skia.web from /app/src/games/asteroids/AsteroidsGame.ts: @shopify/react-native-skia/lib/module/Skia.web could not be found within the project or in these directories:
  node_modules
[0m [90m 14 |[39m [36mimport[39m { [33mSkiaRenderer[39m } [36mfrom[39m [32m"../../engine/rendering/SkiaRenderer"[39m[33m;[39m
 [90m 15 |[39m [90m// @ts-ignore[39m
[31m[1m>[22m[39m[90m 16 |[39m [36mimport[39m { [33mBlurStyle[39m[33m,[39m [33mSkia[39m } [36mfrom[39m [32m"@shopify/react-native-skia/lib/module/Skia.web"[39m[33m;[39m
 [90m    |[39m                                  [31m[1m^[22m[39m
 [90m 17 |[39m [36mimport[39m { [33mKeyboardController[39m } [36mfrom[39m [32m"../../engine/input/KeyboardController"[39m[33m;[39m
 [90m 18 |[39m [36mimport[39m { [33mTouchController[39m } [36mfrom[39m [32m"../../engine/input/TouchController"[39m[33m;[39m
 [90m 19 |[39m [36mimport[39m { getGameState } [36mfrom[39m [32m"./GameUtils"[39m[33m;[39m[0m

Import stack:

 src/games/asteroids/AsteroidsGame.ts
 | import "@shopify/react-native-skia/lib/module/Skia.web"

 src/hooks/useAsteroidsGame.ts
 | import "../games/asteroids/AsteroidsGame"

 src/app/index.tsx
 | import "../hooks/useAsteroidsGame"

 src/app (require.context)



Web node_modules/expo-router/entry.js ░░░░░░░░░░░░░░░░  0.0% (0/1)
Web Bundling failed 388ms node_modules/expo-router/entry.js (1 module)
Web Bundled 270ms node_modules/expo-router/_error.js (86 modules)
Web node_modules/expo-router/entry.js ░░░░░░░░░░░░░░░░  0.0% (0/1)
Web Bundling failed 119ms node_modules/expo-router/entry.js (1 module)

Metro error: Unable to resolve module @shopify/react-native-skia/lib/module/Skia.web from /app/src/games/asteroids/AsteroidsGame.ts: @shopify/react-native-skia/lib/module/Skia.web could not be found within the project or in these directories:
  node_modules
[0m [90m 14 |[39m [36mimport[39m { [33mSkiaRenderer[39m } [36mfrom[39m [32m"../../engine/rendering/SkiaRenderer"[39m[33m;[39m
 [90m 15 |[39m [90m// @ts-ignore[39m
[31m[1m>[22m[39m[90m 16 |[39m [36mimport[39m { [33mBlurStyle[39m[33m,[39m [33mSkia[39m } [36mfrom[39m [32m"@shopify/react-native-skia/lib/module/Skia.web"[39m[33m;[39m
 [90m    |[39m                                  [31m[1m^[22m[39m
 [90m 17 |[39m [36mimport[39m { [33mKeyboardController[39m } [36mfrom[39m [32m"../../engine/input/KeyboardController"[39m[33m;[39m
 [90m 18 |[39m [36mimport[39m { [33mTouchController[39m } [36mfrom[39m [32m"../../engine/input/TouchController"[39m[33m;[39m
 [90m 19 |[39m [36mimport[39m { getGameState } [36mfrom[39m [32m"./GameUtils"[39m[33m;[39m[0m

Import stack:

 src/games/asteroids/AsteroidsGame.ts
 | import "@shopify/react-native-skia/lib/module/Skia.web"

 src/hooks/useAsteroidsGame.ts
 | import "../games/asteroids/AsteroidsGame"

 src/app/index.tsx
 | import "../hooks/useAsteroidsGame"

 src/app (require.context)



Web Bundled 10ms node_modules/expo-router/_error.js (1 module)
λ node_modules/expo/node_modules/@expo/cli/node_modules/@expo/router-server/node/render.js ░░░░░░░░░░░░░░░░  0.0% (0/1)
λ Bundling failed 195ms node_modules/expo/node_modules/@expo/cli/node_modules/@expo/router-server/node/render.js (1 module)
Web node_modules/expo-router/entry.js ░░░░░░░░░░░░░░░░  0.0% (0/1)
Web Bundled 288ms node_modules/expo-router/entry.js (1 module)
λ Bundled 366ms node_modules/expo/node_modules/@expo/cli/node_modules/@expo/router-server/node/render.js (1 module)
λ  WARN  Route "./GameEngine.tsx" is missing the required default export. Ensure a React component is exported as default.
"textShadow*" style props are deprecated. Use "textShadow".
"shadow*" style props are deprecated. Use "boxShadow".
Web Bundled 185ms node_modules/expo-router/entry.js (1 module)
 LOG  [web] Logs will appear in the browser console
