ConfigError: Cannot determine the project's Expo SDK version because the module `expo` is not installed. Install it with `npm install expo` and try again.
npm warn While resolving: @expo/vector-icons@15.1.1
npm warn Found: expo-font@55.0.5-canary-20260328-2049187
npm warn node_modules/expo-font
npm warn   expo-font@"55.0.5-canary-20260328-2049187" from expo@55.0.10-canary-20260328-2049187
npm warn   1 more (@expo/router-server)
npm warn
npm warn Could not resolve dependency:
npm warn peer expo-font@">=14.0.4" from @expo/vector-icons@15.1.1
npm warn node_modules/@expo/vector-icons
npm warn   @expo/vector-icons@"^15.0.2" from expo@55.0.10-canary-20260328-2049187
npm warn   node_modules/expo
npm warn
npm warn Conflicting peer dependency: expo-font@55.0.4
npm warn node_modules/expo-font
npm warn   peer expo-font@">=14.0.4" from @expo/vector-icons@15.1.1
npm warn   node_modules/@expo/vector-icons
npm warn     @expo/vector-icons@"^15.0.2" from expo@55.0.10-canary-20260328-2049187
npm warn     node_modules/expo
npm warn deprecated inflight@1.0.6: This module is not supported, and leaks memory. Do not use it. Check out lru-cache if you want a good and tested way to coalesce async requests by a key value, which is much more comprehensive and powerful.
npm warn deprecated glob@7.2.3: Old versions of glob are not supported, and contain widely publicized security vulnerabilities, which have been fixed in the current version. Please update. Support for old versions may be purchased (at exorbitant rates) by contacting i@izs.me
npm warn deprecated glob@7.2.3: Old versions of glob are not supported, and contain widely publicized security vulnerabilities, which have been fixed in the current version. Please update. Support for old versions may be purchased (at exorbitant rates) by contacting i@izs.me
npm warn deprecated glob@7.2.3: Old versions of glob are not supported, and contain widely publicized security vulnerabilities, which have been fixed in the current version. Please update. Support for old versions may be purchased (at exorbitant rates) by contacting i@izs.me
npm warn deprecated rimraf@3.0.2: Rimraf versions prior to v4 are no longer supported
ConfigError: Cannot determine the project's Expo SDK version because the module `expo` is not installed. Install it with `npm install expo` and try again.
npm notice
npm notice New minor version of npm available! 11.11.0 -> 11.12.1
npm notice Changelog: https://github.com/npm/cli/releases/tag/v11.12.1
npm notice To update run: npm install -g npm@11.12.1
npm notice
