npm warn exec The following package was not found and will be installed: serve@14.2.6
 INFO  Accepting connections at http://localhost:8081
 HTTP  3/22/2026 2:28:45 PM ::1 GET /
 HTTP  3/22/2026 2:28:45 PM ::1 Returned 200 in 46 ms
 HTTP  3/22/2026 2:28:45 PM ::1 GET /_expo/static/css/globals-7c37656dfffaeefc19f9b522d2d39f51.css
 HTTP  3/22/2026 2:28:45 PM ::1 GET /_expo/static/js/web/entry-931fc3c0f3c7e3319fbebdfed3912143.js
 HTTP  3/22/2026 2:28:45 PM ::1 Returned 200 in 4 ms
 HTTP  3/22/2026 2:28:45 PM ::1 Returned 200 in 10 ms
 HTTP  3/22/2026 2:29:31 PM ::1 GET /
 HTTP  3/22/2026 2:29:31 PM ::1 Returned 200 in 2 ms
 HTTP  3/22/2026 2:29:31 PM ::1 GET /_expo/static/css/globals-7c37656dfffaeefc19f9b522d2d39f51.css
 HTTP  3/22/2026 2:29:31 PM ::1 Returned 200 in 3 ms
 HTTP  3/22/2026 2:29:31 PM ::1 GET /_expo/static/js/web/entry-931fc3c0f3c7e3319fbebdfed3912143.js
 HTTP  3/22/2026 2:29:31 PM ::1 Returned 200 in 1 ms
 HTTP  3/22/2026 2:29:57 PM ::1 GET /
 HTTP  3/22/2026 2:29:57 PM ::1 Returned 200 in 1 ms
 HTTP  3/22/2026 2:29:57 PM ::1 GET /_expo/static/css/globals-7c37656dfffaeefc19f9b522d2d39f51.css
 HTTP  3/22/2026 2:29:57 PM ::1 GET /_expo/static/js/web/entry-931fc3c0f3c7e3319fbebdfed3912143.js
 HTTP  3/22/2026 2:29:57 PM ::1 Returned 200 in 2 ms
 HTTP  3/22/2026 2:29:57 PM ::1 Returned 200 in 2 ms

 INFO  Gracefully shutting down. Please wait...
