
> asteroides@1.0.0 web
> expo start --web

Starting project at /app
Using src/app as the root directory for Expo Router.
Starting Metro Bundler

Waiting on http://localhost:8081
Logs for your project will appear below.
Web node_modules/expo-router/entry.js ░░░░░░░░░░░░░░░░  0.0% (0/1)
Web node_modules/expo-router/entry.js ▓▓▓▓░░░░░░░░░░░░ 26.8% ( 38/131)
λ node_modules/expo/node_modules/@expo/cli/node_modules/@expo/router-server/node/render.js ▓▓▓░░░░░░░░░░░░░ 21.1% (17/37)
Web node_modules/expo-router/entry.js ▓▓▓▓▓▓▓░░░░░░░░░ 49.3% (203/289)
λ node_modules/expo/node_modules/@expo/cli/node_modules/@expo/router-server/node/render.js ▓▓▓▓▓░░░░░░░░░░░ 36.6% ( 87/181)
Web node_modules/expo-router/entry.js ▓▓▓▓▓▓▓▓░░░░░░░░ 55.9% (316/423)
λ node_modules/expo/node_modules/@expo/cli/node_modules/@expo/router-server/node/render.js ▓▓▓▓▓░░░░░░░░░░░ 36.6% (190/374)
Web node_modules/expo-router/entry.js ▓▓▓▓▓▓▓▓▓▓░░░░░░ 65.5% (538/665)
λ node_modules/expo/node_modules/@expo/cli/node_modules/@expo/router-server/node/render.js ▓▓▓▓▓░░░░░░░░░░░ 37.5% (381/626)
Web node_modules/expo-router/entry.js ▓▓▓▓▓▓▓▓▓▓░░░░░░ 68.1% (625/775)
λ node_modules/expo/node_modules/@expo/cli/node_modules/@expo/router-server/node/render.js ▓▓▓▓▓▓▓░░░░░░░░░ 49.1% (622/897)
Web node_modules/expo-router/entry.js ▓▓▓▓▓▓▓▓▓▓▓░░░░░ 70.6% (753/934)
λ node_modules/expo/node_modules/@expo/cli/node_modules/@expo/router-server/node/render.js ▓▓▓▓▓▓▓▓▓▓░░░░░░ 64.0% ( 900/1125)
Web node_modules/expo-router/entry.js ▓▓▓▓▓▓▓▓▓▓▓░░░░░ 74.6% ( 881/1032)
λ node_modules/expo/node_modules/@expo/cli/node_modules/@expo/router-server/node/render.js ▓▓▓▓▓▓▓▓▓▓▓░░░░░ 74.1% (1114/1335)
Web node_modules/expo-router/entry.js ▓▓▓▓▓▓▓▓▓▓▓░░░░░ 74.6% (1015/1222)
λ node_modules/expo/node_modules/@expo/cli/node_modules/@expo/router-server/node/render.js ▓▓▓▓▓▓▓▓▓▓▓▓▓▓░░ 87.9% (1337/1426)
Web node_modules/expo-router/entry.js ▓▓▓▓▓▓▓▓▓▓▓░░░░░ 74.6% (1147/1346)
λ node_modules/expo/node_modules/@expo/cli/node_modules/@expo/router-server/node/render.js ▓▓▓▓▓▓▓▓▓▓▓▓▓▓░░ 87.9% (1337/1426)
Web node_modules/expo-router/entry.js ▓▓▓▓▓▓▓▓▓▓▓░░░░░ 74.6% (1213/1415)
λ node_modules/expo/node_modules/@expo/cli/node_modules/@expo/router-server/node/render.js ▓▓▓▓▓▓▓▓▓▓▓▓▓▓░░ 93.6% (1423/1471)
Web node_modules/expo-router/entry.js ▓▓▓▓▓▓▓▓▓▓▓▓▓▓░░ 89.7% (1428/1508)
λ node_modules/expo/node_modules/@expo/cli/node_modules/@expo/router-server/node/render.js ▓▓▓▓▓▓▓▓▓▓▓▓▓▓░░ 93.7% (1467/1516)
λ Bundled 41967ms node_modules/expo/node_modules/@expo/cli/node_modules/@expo/router-server/node/render.js (1585 modules)
Web node_modules/expo-router/entry.js ▓▓▓▓▓▓▓▓▓▓▓▓▓▓▓░ 99.9% (1604/1604)
λ  WARN  Route "./GameEngine.tsx" is missing the required default export. Ensure a React component is exported as default.
"textShadow*" style props are deprecated. Use "textShadow".
"shadow*" style props are deprecated. Use "boxShadow".
Web Bundled 46682ms node_modules/expo-router/entry.js (1604 modules)
Web node_modules/expo-router/entry.js ▓▓▓▓▓▓▓▓▓▓▓▓▓▓▓░ 99.9% (1604/1604)
Web node_modules/expo-router/entry.js ░░░░░░░░░░░░░░░░  0.0% (0/1)
λ Bundled 122ms node_modules/expo/node_modules/@expo/cli/node_modules/@expo/router-server/node/render.js (1 module)
λ  WARN  Route "./GameEngine.tsx" is missing the required default export. Ensure a React component is exported as default.
"textShadow*" style props are deprecated. Use "textShadow".
"shadow*" style props are deprecated. Use "boxShadow".
Web Bundled 1026ms node_modules/expo-router/entry.js (1 module)
Web node_modules/expo-router/entry.js ▓▓▓▓▓▓░░░░░░░░░░ 39.9% (264/438)
Web node_modules/expo-router/entry.js ▓▓▓▓▓▓▓▓▓▓▓░░░░░ 72.1% (780/973)
Web node_modules/expo-router/entry.js ▓▓▓▓▓▓▓▓▓▓▓░░░░░ 74.2% (1217/1424)
Web Bundled 12865ms node_modules/expo-router/entry.js (1605 modules)
Web node_modules/expo-router/entry.js ▓▓▓▓▓▓▓▓▓▓▓▓▓▓▓░ 99.9% (1605/1605)
 LOG  [web] Logs will appear in the browser console
Web node_modules/expo-router/entry.js ░░░░░░░░░░░░░░░░  0.0% (0/1)
λ Bundled 78ms node_modules/expo/node_modules/@expo/cli/node_modules/@expo/router-server/node/render.js (1 module)
λ  WARN  Route "./GameEngine.tsx" is missing the required default export. Ensure a React component is exported as default.
"textShadow*" style props are deprecated. Use "textShadow".
"shadow*" style props are deprecated. Use "boxShadow".
Web Bundled 546ms node_modules/expo-router/entry.js (1 module)
Web Bundled 92ms node_modules/expo-router/entry.js (1 module)
 LOG  [web] Logs will appear in the browser console
