
> asteroides@1.0.0 web
> expo start --web

Starting project at /app
Using src/app as the root directory for Expo Router.
Starting Metro Bundler

Waiting on http://localhost:8081
Logs for your project will appear below.
Web node_modules/expo-router/entry.js ░░░░░░░░░░░░░░░░  0.0% (0/1)
Web node_modules/expo-router/entry.js ▓▓░░░░░░░░░░░░░░ 13.6% ( 38/174)
λ node_modules/expo/node_modules/@expo/cli/node_modules/@expo/router-server/node/render.js ▓▓▓▓░░░░░░░░░░░░ 25.0% ( 85/171)
Web node_modules/expo-router/entry.js ▓▓▓▓▓▓░░░░░░░░░░ 37.6% (260/424)
λ node_modules/expo/node_modules/@expo/cli/node_modules/@expo/router-server/node/render.js ▓▓▓▓▓▓░░░░░░░░░░ 37.8% (287/467)
Web node_modules/expo-router/entry.js ▓▓▓▓▓▓▓▓▓░░░░░░░ 57.0% (432/572)
λ node_modules/expo/node_modules/@expo/cli/node_modules/@expo/router-server/node/render.js ▓▓▓▓▓▓▓▓░░░░░░░░ 54.4% (445/609)
Web node_modules/expo-router/entry.js ▓▓▓▓▓▓▓▓▓▓▓▓▓▓░░ 88.1% (683/732)
λ node_modules/expo/node_modules/@expo/cli/node_modules/@expo/router-server/node/render.js ▓▓▓▓▓▓▓▓▓▓▓▓▓▓░░ 93.3% (713/738)
λ Bundled 15729ms node_modules/expo/node_modules/@expo/cli/node_modules/@expo/router-server/node/render.js (804 modules)
λ  WARN  Route "./GameEngine.tsx" is missing the required default export. Ensure a React component is exported as default.
Web node_modules/expo-router/entry.js ▓▓▓▓▓▓▓▓▓▓▓▓▓▓▓░ 97.1% (803/815)
Web Bundled 17716ms node_modules/expo-router/entry.js (815 modules)
Web node_modules/expo-router/entry.js ▓▓▓▓▓▓▓▓░░░░░░░░ 56.1% (433/578)
Web Bundled 6624ms node_modules/expo-router/entry.js (822 modules)
 LOG  [web] Logs will appear in the browser console
