
> asteroides@1.0.0 web
> expo start --web

Starting project at /app
Using src/app as the root directory for Expo Router.
Starting Metro Bundler

Waiting on http://localhost:8081
Logs for your project will appear below.
Web node_modules/expo-router/entry.js ░░░░░░░░░░░░░░░░  0.0% (0/1)
Web node_modules/expo-router/entry.js ▓▓▓▓▓▓▓▓▓▓▓▓▓▓▓░ 97.6% (812/822)
λ node_modules/expo/node_modules/@expo/cli/node_modules/@expo/router-server/node/render.js ▓▓▓▓▓▓▓▓▓▓▓▓▓▓▓░ 97.5% (798/808)
Web node_modules/expo-router/entry.js ▓▓▓▓▓▓▓▓▓▓▓▓▓▓▓░ 98.8% (884/990)
λ node_modules/expo/node_modules/@expo/cli/node_modules/@expo/router-server/node/render.js ▓▓▓▓▓▓▓▓▓▓▓▓▓▓▓░ 97.5% (866/969)
Web node_modules/expo-router/entry.js ▓▓▓▓▓▓▓▓▓▓▓▓▓▓▓░ 98.8% ( 990/1154)
λ node_modules/expo/node_modules/@expo/cli/node_modules/@expo/router-server/node/render.js ▓▓▓▓▓▓▓▓▓▓▓▓▓▓▓░ 97.5% (1059/1249)
Web node_modules/expo-router/entry.js ▓▓▓▓▓▓▓▓▓▓▓▓▓▓▓░ 98.8% (1160/1298)
λ node_modules/expo/node_modules/@expo/cli/node_modules/@expo/router-server/node/render.js ▓▓▓▓▓▓▓▓▓▓▓▓▓▓▓░ 97.5% (1134/1275)
Web node_modules/expo-router/entry.js ▓▓▓▓▓▓▓▓▓▓▓▓▓▓▓░ 98.8% (1297/1377)
λ node_modules/expo/node_modules/@expo/cli/node_modules/@expo/router-server/node/render.js ▓▓▓▓▓▓▓▓▓▓▓▓▓▓▓░ 97.5% (1329/1375)
λ Bundled 19949ms node_modules/expo/node_modules/@expo/cli/node_modules/@expo/router-server/node/render.js (1480 modules)
Web Bundled 20525ms node_modules/expo-router/entry.js (1494 modules)
λ  WARN  Route "./GameEngine.tsx" is missing the required default export. Ensure a React component is exported as default.
"textShadow*" style props are deprecated. Use "textShadow".
"shadow*" style props are deprecated. Use "boxShadow".
Web node_modules/expo-router/entry.js ░░░░░░░░░░░░░░░░  0.0% (0/1)
Web node_modules/expo-router/entry.js ▓▓▓▓▓▓▓▓▓▓▓▓▓▓░░ 88.1% (1101/1257)
Web Bundled 6915ms node_modules/expo-router/entry.js (1499 modules)
 LOG  [web] Logs will appear in the browser console
Web node_modules/expo-router/entry.js ░░░░░░░░░░░░░░░░  0.0% (0/1)
λ Bundled 76ms node_modules/expo/node_modules/@expo/cli/node_modules/@expo/router-server/node/render.js (1 module)
λ  WARN  Route "./GameEngine.tsx" is missing the required default export. Ensure a React component is exported as default.
"textShadow*" style props are deprecated. Use "textShadow".
"shadow*" style props are deprecated. Use "boxShadow".
Web Bundled 653ms node_modules/expo-router/entry.js (1 module)
Web Bundled 144ms node_modules/expo-router/entry.js (1 module)
 LOG  [web] Logs will appear in the browser console
Web node_modules/expo-router/entry.js ░░░░░░░░░░░░░░░░  0.0% (0/1)
λ Bundled 261ms node_modules/expo/node_modules/@expo/cli/node_modules/@expo/router-server/node/render.js (1 module)
λ  WARN  Route "./GameEngine.tsx" is missing the required default export. Ensure a React component is exported as default.
  ContextNavigator (src/app/globals.css:613:1)
"textShadow*" style props are deprecated. Use "textShadow".
"shadow*" style props are deprecated. Use "boxShadow".
Web Bundled 1051ms node_modules/expo-router/entry.js (1 module)
Web Bundled 285ms node_modules/expo-router/entry.js (1 module)
 LOG  [web] Logs will appear in the browser console
Web node_modules/expo-router/entry.js ░░░░░░░░░░░░░░░░  0.0% (0/1)
λ Bundled 81ms node_modules/expo/node_modules/@expo/cli/node_modules/@expo/router-server/node/render.js (1 module)
λ  WARN  Route "./GameEngine.tsx" is missing the required default export. Ensure a React component is exported as default.
  ContextNavigator (src/app/globals.css:613:1)
"textShadow*" style props are deprecated. Use "textShadow".
"shadow*" style props are deprecated. Use "boxShadow".
Web Bundled 598ms node_modules/expo-router/entry.js (1 module)
Web Bundled 211ms node_modules/expo-router/entry.js (1 module)
 LOG  [web] Logs will appear in the browser console
Web node_modules/expo-router/entry.js ░░░░░░░░░░░░░░░░  0.0% (0/1)
λ Bundled 745ms node_modules/expo/node_modules/@expo/cli/node_modules/@expo/router-server/node/render.js (1 module)
λ  WARN  Route "./GameEngine.tsx" is missing the required default export. Ensure a React component is exported as default.
"textShadow*" style props are deprecated. Use "textShadow".
"shadow*" style props are deprecated. Use "boxShadow".
Web Bundled 1710ms node_modules/expo-router/entry.js (1 module)
Web Bundled 383ms node_modules/expo-router/entry.js (1 module)
 LOG  [web] Logs will appear in the browser console
